# Activity Log

## Run Summary
- 2026-02-12 17:44:17 | run=20260212-173602-17364 | iter=1 | mode=build | story=S2 | duration=495s | status=success
- 2026-02-12 17:19:46 | run=20260212-171007-13768 | iter=1 | mode=build | story=S1 | duration=579s | status=success

## Events

[2026-02-12 17:10:08] ITERATION 1 start (mode=build story=S1)
[2026-02-12 17:10:33] Start S1 audit: unify assistant orchestration behavior
[2026-02-12 17:14:04] Implemented shared assistant orchestration contract and wired Convex + chatbot route metadata/tool routing
[2026-02-12 17:16:57] ITERATION 1 start (mode=build story=S1)
[2026-02-12 17:17:22] Start S1: audit assistant orchestration paths and metadata consistency
[2026-02-12 17:18:09] Completed verification: type/build run, check run reported pre-existing lint failures
[2026-02-12 17:18:28] S1 major change: Next.js chatbot fallback now reuses Convex assistant metadata envelope when available
[2026-02-12 17:18:57] Updated progress log for S1 with commit and verification results
[2026-02-12 17:19:06] Verification: bun run type passed; bun run check failed due existing repository-wide Biome errors
[2026-02-12 17:19:46] ITERATION 1 end (duration=579s)
[2026-02-12 17:21:07] Verification complete for S1: bun run type PASS, bun run check FAIL (pre-existing repo-wide lint errors), bun run build PASS
[2026-02-12 17:21:57] Updated progress log for S1 run 20260212-171656-15046 with verification outcomes
[2026-02-12 17:22:27] Updated S1 progress entry with commit hash and post-commit status
[2026-02-12 17:36:03] ITERATION 1 start (mode=build story=S2)
[2026-02-12 17:36:21] Start S2 implementation: audit composio high-impact confirmation path
[2026-02-12 17:39:05] Implemented S2 confirmation gate in chatbot and convex composio execution paths
[2026-02-12 17:42:53] Verification complete for S2: bun run type PASS, bun run build PASS, bun run check FAIL due pre-existing repository lint issues
[2026-02-12 17:43:37] Updated progress log for S2 run 20260212-173602-17364 iteration 1
[2026-02-12 17:44:17] ITERATION 1 end (duration=495s)
[2026-02-12 17:44:20] ITERATION 2 start (mode=build story=S3)
[2026-02-12 17:45:22] S3: implementing audit table and logging hooks
[2026-02-12 17:46:09] S3: starting code edits for audit persistence and sanitization
[2026-02-12 17:48:11] S3: major code changes completed; starting verification
[2026-02-12 17:52:10] S3: verification complete (type pass, check fail on existing repo lint, build pass)
